<?xml version="1.0" encoding="UTF-8"?>
<testng-results skipped="0" failed="0" total="2" passed="2">
  <reporter-output>
  </reporter-output>
  <suite name="Test Suite" duration-ms="13969" started-at="2020-05-06T10:43:19Z" finished-at="2020-05-06T10:43:33Z">
    <groups>
      <group name="cucumber">
        <method signature="TestRunner.feature(cucumber.api.testng.CucumberFeatureWrapper)[pri:0, instance:runner.TestRunner@26ba2a48]" name="feature" class="runner.TestRunner"/>
      </group> <!-- cucumber -->
    </groups>
    <test name="Execution Test" duration-ms="13969" started-at="2020-05-06T10:43:19Z" finished-at="2020-05-06T10:43:33Z">
      <class name="runner.TestRunner">
        <test-method status="PASS" signature="setUpClass()[pri:0, instance:runner.TestRunner@26ba2a48]" name="setUpClass" is-config="true" duration-ms="220" started-at="2020-05-06T20:43:19Z" finished-at="2020-05-06T20:43:20Z">
          <reporter-output>
          </reporter-output>
        </test-method> <!-- setUpClass -->
        <test-method status="PASS" signature="feature(cucumber.api.testng.CucumberFeatureWrapper)[pri:0, instance:runner.TestRunner@26ba2a48]" name="feature" duration-ms="102" started-at="2020-05-06T20:43:20Z" description="Runs Cucumber Feature" data-provider="features" finished-at="2020-05-06T20:43:20Z">
          <params>
            <param index="0">
              <value>
                <![CDATA[Project execution]]>
              </value>
            </param>
          </params>
          <reporter-output>
          </reporter-output>
        </test-method> <!-- feature -->
        <test-method status="PASS" signature="feature(cucumber.api.testng.CucumberFeatureWrapper)[pri:0, instance:runner.TestRunner@26ba2a48]" name="feature" duration-ms="13542" started-at="2020-05-06T20:43:20Z" description="Runs Cucumber Feature" data-provider="features" finished-at="2020-05-06T20:43:33Z">
          <params>
            <param index="0">
              <value>
                <![CDATA[Application Sign In]]>
              </value>
            </param>
          </params>
          <reporter-output>
          </reporter-output>
        </test-method> <!-- feature -->
        <test-method status="PASS" signature="tearDownClass()[pri:0, instance:runner.TestRunner@26ba2a48]" name="tearDownClass" is-config="true" duration-ms="23" started-at="2020-05-06T20:43:33Z" finished-at="2020-05-06T20:43:33Z">
          <reporter-output>
          </reporter-output>
        </test-method> <!-- tearDownClass -->
      </class> <!-- runner.TestRunner -->
    </test> <!-- Execution Test -->
  </suite> <!-- Test Suite -->
</testng-results>
