<?xml version="1.0" encoding="UTF-8"?>
<testng-results skipped="0" failed="0" total="2" passed="2">
  <reporter-output>
  </reporter-output>
  <suite name="Test Suite" duration-ms="15674" started-at="2020-05-07T01:09:00Z" finished-at="2020-05-07T01:09:15Z">
    <groups>
      <group name="cucumber">
        <method signature="TestRunner.feature(cucumber.api.testng.CucumberFeatureWrapper)[pri:0, instance:runner.TestRunner@26ba2a48]" name="feature" class="runner.TestRunner"/>
      </group> <!-- cucumber -->
    </groups>
    <test name="Cucumber_TestNG Test" duration-ms="15674" started-at="2020-05-07T01:09:00Z" finished-at="2020-05-07T01:09:15Z">
      <class name="runner.TestRunner">
        <test-method status="PASS" signature="setUpClass()[pri:0, instance:runner.TestRunner@26ba2a48]" name="setUpClass" is-config="true" duration-ms="212" started-at="2020-05-07T11:09:00Z" finished-at="2020-05-07T11:09:00Z">
          <reporter-output>
          </reporter-output>
        </test-method> <!-- setUpClass -->
        <test-method status="PASS" signature="feature(cucumber.api.testng.CucumberFeatureWrapper)[pri:0, instance:runner.TestRunner@26ba2a48]" name="feature" duration-ms="109" started-at="2020-05-07T11:09:00Z" description="Runs Cucumber Feature" data-provider="features" finished-at="2020-05-07T11:09:00Z">
          <params>
            <param index="0">
              <value>
                <![CDATA[Project execution]]>
              </value>
            </param>
          </params>
          <reporter-output>
          </reporter-output>
        </test-method> <!-- feature -->
        <test-method status="PASS" signature="feature(cucumber.api.testng.CucumberFeatureWrapper)[pri:0, instance:runner.TestRunner@26ba2a48]" name="feature" duration-ms="15257" started-at="2020-05-07T11:09:00Z" description="Runs Cucumber Feature" data-provider="features" finished-at="2020-05-07T11:09:15Z">
          <params>
            <param index="0">
              <value>
                <![CDATA[Application Sign In]]>
              </value>
            </param>
          </params>
          <reporter-output>
          </reporter-output>
        </test-method> <!-- feature -->
        <test-method status="PASS" signature="tearDownClass()[pri:0, instance:runner.TestRunner@26ba2a48]" name="tearDownClass" is-config="true" duration-ms="25" started-at="2020-05-07T11:09:15Z" finished-at="2020-05-07T11:09:15Z">
          <reporter-output>
          </reporter-output>
        </test-method> <!-- tearDownClass -->
      </class> <!-- runner.TestRunner -->
    </test> <!-- Cucumber_TestNG Test -->
  </suite> <!-- Test Suite -->
</testng-results>
